e:\sunfengrui\powerquality\pq4.29\pq\pq\x64\debug\timer.obj
e:\sunfengrui\powerquality\pq4.29\pq\pq\x64\debug\netfunction.obj
e:\sunfengrui\powerquality\pq4.29\pq\pq\x64\debug\data.obj
e:\sunfengrui\powerquality\pq4.29\pq\pq\x64\debug\qrc_pq.obj
e:\sunfengrui\powerquality\pq4.29\pq\pq\x64\debug\moc_pq.obj
e:\sunfengrui\powerquality\pq4.29\pq\pq\x64\debug\tool.obj
e:\sunfengrui\powerquality\pq4.29\pq\pq\x64\debug\v_dip_swell_interrupt.obj
e:\sunfengrui\powerquality\pq4.29\pq\pq\x64\debug\workthread.obj
e:\sunfengrui\powerquality\pq4.29\pq\pq\x64\debug\main.obj
e:\sunfengrui\powerquality\pq4.29\pq\pq\x64\debug\pq.obj
e:\sunfengrui\powerquality\pq4.29\pq\pq\x64\debug\moc_pq.asm
e:\sunfengrui\powerquality\pq4.29\pq\pq\x64\debug\qrc_pq.asm
e:\sunfengrui\powerquality\pq4.29\pq\pq\x64\debug\linkqueue.obj
e:\sunfengrui\powerquality\pq4.29\pq\pq\x64\debug\linklist.obj
e:\sunfengrui\powerquality\pq4.29\pq\pq\x64\debug\dlist.obj
e:\sunfengrui\powerquality\pq4.29\pq\pq\x64\debug\vc141.pdb
e:\sunfengrui\powerquality\pq4.29\pq\x64\debug\pq.exe
e:\sunfengrui\powerquality\pq4.29\pq\x64\debug\pq.ilk
e:\sunfengrui\powerquality\pq4.29\pq\x64\debug\pq.pdb
e:\sunfengrui\powerquality\pq4.29\pq\pq\.\generatedfiles\debug\moc_pq.cpp
e:\sunfengrui\powerquality\pq4.29\pq\pq\generatedfiles\ui_pq.h
e:\sunfengrui\powerquality\pq4.29\pq\pq\generatedfiles\qrc_pq.cpp
e:\sunfengrui\powerquality\pq4.29\pq\pq\generatedfiles\debug\moc_pq.cpp
e:\sunfengrui\powerquality\pq4.29\pq\pq\.\generatedfiles\qrc_pq.cpp
e:\sunfengrui\powerquality\pq4.29\pq\pq\.\generatedfiles\ui_pq.h
e:\sunfengrui\powerquality\pq4.29\pq\pq\x64\debug\doublelist.obj
e:\sunfengrui\powerquality\pq4.29\pq\pq\x64\debug\pq.tlog\cl.command.1.tlog
e:\sunfengrui\powerquality\pq4.29\pq\pq\x64\debug\pq.tlog\cl.read.1.tlog
e:\sunfengrui\powerquality\pq4.29\pq\pq\x64\debug\pq.tlog\cl.write.1.tlog
e:\sunfengrui\powerquality\pq4.29\pq\pq\x64\debug\pq.tlog\link-cvtres.read.1.tlog
e:\sunfengrui\powerquality\pq4.29\pq\pq\x64\debug\pq.tlog\link-cvtres.write.1.tlog
e:\sunfengrui\powerquality\pq4.29\pq\pq\x64\debug\pq.tlog\link-rc.read.1.tlog
e:\sunfengrui\powerquality\pq4.29\pq\pq\x64\debug\pq.tlog\link-rc.write.1.tlog
e:\sunfengrui\powerquality\pq4.29\pq\pq\x64\debug\pq.tlog\link.4416-cvtres.read.1.tlog
e:\sunfengrui\powerquality\pq4.29\pq\pq\x64\debug\pq.tlog\link.4416-cvtres.write.1.tlog
e:\sunfengrui\powerquality\pq4.29\pq\pq\x64\debug\pq.tlog\link.4416-rc.read.1.tlog
e:\sunfengrui\powerquality\pq4.29\pq\pq\x64\debug\pq.tlog\link.4416-rc.write.1.tlog
e:\sunfengrui\powerquality\pq4.29\pq\pq\x64\debug\pq.tlog\link.4416.read.1.tlog
e:\sunfengrui\powerquality\pq4.29\pq\pq\x64\debug\pq.tlog\link.4416.write.1.tlog
e:\sunfengrui\powerquality\pq4.29\pq\pq\x64\debug\pq.tlog\link.command.1.tlog
e:\sunfengrui\powerquality\pq4.29\pq\pq\x64\debug\pq.tlog\link.read.1.tlog
e:\sunfengrui\powerquality\pq4.29\pq\pq\x64\debug\pq.tlog\link.write.1.tlog
e:\sunfengrui\powerquality\pq4.29\pq\pq\x64\debug\pq.tlog\moc.read.1u.tlog
e:\sunfengrui\powerquality\pq4.29\pq\pq\x64\debug\pq.tlog\moc.write.1u.tlog
e:\sunfengrui\powerquality\pq4.29\pq\pq\x64\debug\pq.tlog\pq.write.1u.tlog
e:\sunfengrui\powerquality\pq4.29\pq\pq\x64\debug\pq.tlog\rcc.read.1u.tlog
e:\sunfengrui\powerquality\pq4.29\pq\pq\x64\debug\pq.tlog\rcc.write.1u.tlog
e:\sunfengrui\powerquality\pq4.29\pq\pq\x64\debug\pq.tlog\uic.read.1u.tlog
e:\sunfengrui\powerquality\pq4.29\pq\pq\x64\debug\pq.tlog\uic.write.1u.tlog
